<?xml version="1.0" encoding="UTF-8"?>
<!-- Generated by org.testng.reporters.JUnitReportReporter -->
<testsuite hostname="logeshPC" failures="0" tests="1" name="Tests.FilterProductTest" time="23.684" errors="0" timestamp="2022-05-03T22:11:09 IST" skipped="0">
  <testcase classname="Tests.FilterProductTest" name="FilterSamsungTVTest" time="23.684"/>
  <system-out/>
</testsuite> <!-- Tests.FilterProductTest -->
