<?xml version="1.0" encoding="UTF-8"?>
<!-- Generated by org.testng.reporters.JUnitReportReporter -->
<testsuite hostname="logeshPC" failures="0" tests="1" name="Tests.Test1" time="0.006" errors="0" timestamp="2022-05-02T19:16:02 IST" skipped="0">
  <testcase classname="Tests.Test1" name="testsd" time="0.006"/>
  <system-out/>
</testsuite> <!-- Tests.Test1 -->
